TN:
SF:src\modules\appointments\services\CreateAppointmentService.ts
FN:40,__decorate
FN:40,__metadata
FN:40,__param
FN:40,__awaiter
FN:40,adopt
FN:40,fulfilled
FN:40,rejected
FN:40,step
FN:40,__generator
FN:40,sent
FN:40,g.<computed>
FN:40,verb
FN:40,step
FN:40,__importDefault
FN:15,CreateAppointmentService
FN:20,CreateAppointmentService.execute
FNF:16
FNH:14
FNDA:1,__decorate
FNDA:1,__metadata
FNDA:1,__param
FNDA:3,__awaiter
FNDA:5,adopt
FNDA:5,fulfilled
FNDA:0,rejected
FNDA:7,step
FNDA:3,__generator
FNDA:5,sent
FNDA:0,g.<computed>
FNDA:9,verb
FNDA:8,step
FNDA:1,__importDefault
FNDA:2,CreateAppointmentService
FNDA:3,CreateAppointmentService.execute
DA:1,1
DA:2,1
DA:3,1
DA:4,1
DA:5,1
DA:6,1
DA:7,1
DA:8,1
DA:9,1
DA:10,1
DA:11,1
DA:12,1
DA:13,1
DA:14,1
DA:15,1
DA:16,2
DA:17,2
DA:18,2
DA:19,1
DA:20,1
DA:21,3
DA:22,3
DA:23,3
DA:24,3
DA:25,3
DA:26,3
DA:27,3
DA:28,1
DA:29,1
DA:30,2
DA:31,2
DA:32,2
DA:33,2
DA:34,2
DA:35,3
DA:36,3
DA:37,3
DA:38,1
DA:39,1
DA:40,1
LF:40
LH:40
BRDA:40,0,0,1
BRDA:40,1,0,1
BRDA:40,2,0,0
BRDA:40,3,0,0
BRDA:40,4,0,0
BRDA:40,5,0,0
BRDA:40,6,0,1
BRDA:40,7,0,1
BRDA:40,8,0,1
BRDA:40,9,0,3
BRDA:40,10,0,5
BRDA:40,11,0,0
BRDA:40,12,0,3
BRDA:40,13,0,5
BRDA:40,14,0,4
BRDA:40,15,0,1
BRDA:40,16,0,7
BRDA:40,17,0,2
BRDA:40,18,0,5
BRDA:40,19,0,3
BRDA:40,20,0,5
BRDA:40,21,0,0
BRDA:40,22,0,9
BRDA:40,23,0,8
BRDA:40,24,0,8
BRDA:40,25,0,0
BRDA:40,26,0,16
BRDA:40,27,0,0
BRDA:40,28,0,0
BRDA:40,29,0,0
BRDA:40,30,0,0
BRDA:40,31,0,8
BRDA:40,32,0,8
BRDA:40,33,0,5
BRDA:40,34,0,0
BRDA:40,35,0,0
BRDA:40,36,0,3
BRDA:40,37,0,0
BRDA:40,38,0,2
BRDA:40,39,0,0
BRDA:40,40,0,0
BRDA:40,41,0,0
BRDA:40,42,0,0
BRDA:40,43,0,8
BRDA:40,44,0,7
BRDA:40,45,0,1
BRDA:40,46,0,8
BRDA:40,47,0,3
BRDA:40,48,0,1
BRDA:40,49,0,2
BRDA:40,50,0,0
BRDA:40,51,0,1
BRDA:40,52,0,0
BRDA:14,53,0,1
BRDA:15,54,0,2
BRDA:20,55,0,3
BRDA:40,56,0,3
BRDA:40,57,0,8
BRDA:40,58,0,3
BRDA:40,59,0,3
BRDA:27,60,0,1
BRDA:29,61,0,2
BRDA:40,62,0,2
BRF:63
BRH:43
end_of_record
TN:
SF:src\modules\users\services\AuthenticateUserService.ts
FN:50,__decorate
FN:50,__metadata
FN:50,__param
FN:50,__awaiter
FN:50,adopt
FN:50,fulfilled
FN:50,rejected
FN:50,step
FN:50,__generator
FN:50,sent
FN:50,g.<computed>
FN:50,verb
FN:50,step
FN:50,__importDefault
FN:21,AuthenticateUserService
FN:26,AuthenticateUserService.execute
FNF:16
FNH:14
FNDA:1,__decorate
FNDA:1,__metadata
FNDA:1,__param
FNDA:1,__awaiter
FNDA:2,adopt
FNDA:2,fulfilled
FNDA:0,rejected
FNDA:3,step
FNDA:1,__generator
FNDA:2,sent
FNDA:0,g.<computed>
FNDA:3,verb
FNDA:3,step
FNDA:2,__importDefault
FNDA:1,AuthenticateUserService
FNDA:1,AuthenticateUserService.execute
DA:1,1
DA:2,1
DA:3,1
DA:4,1
DA:5,1
DA:6,1
DA:7,1
DA:8,1
DA:9,1
DA:10,1
DA:11,1
DA:12,1
DA:13,1
DA:14,1
DA:15,1
DA:16,1
DA:17,1
DA:18,1
DA:19,1
DA:20,1
DA:21,1
DA:22,1
DA:23,1
DA:24,1
DA:25,1
DA:26,1
DA:27,1
DA:28,1
DA:29,1
DA:30,0
DA:31,0
DA:32,1
DA:33,1
DA:34,1
DA:35,1
DA:36,0
DA:37,0
DA:38,1
DA:39,1
DA:40,1
DA:41,1
DA:42,1
DA:43,1
DA:44,1
DA:45,1
DA:46,1
DA:47,1
DA:48,1
DA:49,1
DA:50,1
LF:50
LH:46
BRDA:50,0,0,1
BRDA:50,1,0,1
BRDA:50,2,0,0
BRDA:50,3,0,0
BRDA:50,4,0,0
BRDA:50,5,0,0
BRDA:50,6,0,1
BRDA:50,7,0,1
BRDA:50,8,0,1
BRDA:50,9,0,1
BRDA:50,10,0,2
BRDA:50,11,0,0
BRDA:50,12,0,1
BRDA:50,13,0,2
BRDA:50,14,0,0
BRDA:50,15,0,3
BRDA:50,16,0,1
BRDA:50,17,0,2
BRDA:50,18,0,1
BRDA:50,19,0,2
BRDA:50,20,0,0
BRDA:50,21,0,3
BRDA:50,22,0,3
BRDA:50,23,0,3
BRDA:50,24,0,0
BRDA:50,25,0,6
BRDA:50,26,0,0
BRDA:50,27,0,0
BRDA:50,28,0,0
BRDA:50,29,0,0
BRDA:50,30,0,3
BRDA:50,31,0,3
BRDA:50,32,0,2
BRDA:50,33,0,0
BRDA:50,34,0,0
BRDA:50,35,0,1
BRDA:50,36,0,0
BRDA:50,37,0,0
BRDA:50,38,0,0
BRDA:50,39,0,0
BRDA:50,40,0,0
BRDA:50,41,0,3
BRDA:50,42,0,0
BRDA:50,43,0,3
BRDA:50,44,0,1
BRDA:50,45,0,0
BRDA:50,46,0,1
BRDA:50,47,0,0
BRDA:50,48,0,2
BRDA:50,49,0,0
BRDA:20,50,0,1
BRDA:21,51,0,1
BRDA:26,52,0,1
BRDA:50,53,0,1
BRDA:50,54,0,3
BRDA:27,55,0,1
BRDA:50,56,0,1
BRDA:29,57,0,0
BRDA:50,58,0,1
BRDA:35,59,0,0
BRF:60
BRH:35
end_of_record
TN:
SF:src\modules\users\services\CreateUserService.ts
FN:39,__decorate
FN:39,__metadata
FN:39,__param
FN:39,__awaiter
FN:39,adopt
FN:39,fulfilled
FN:39,rejected
FN:39,step
FN:39,__generator
FN:39,sent
FN:39,g.<computed>
FN:39,verb
FN:39,step
FN:39,__importDefault
FN:15,CreateUserService
FN:20,CreateUserService.execute
FNF:16
FNH:14
FNDA:2,__decorate
FNDA:2,__metadata
FNDA:2,__param
FNDA:4,__awaiter
FNDA:10,adopt
FNDA:10,fulfilled
FNDA:0,rejected
FNDA:13,step
FNDA:4,__generator
FNDA:10,sent
FNDA:0,g.<computed>
FNDA:12,verb
FNDA:14,step
FNDA:2,__importDefault
FNDA:3,CreateUserService
FNDA:4,CreateUserService.execute
DA:1,1
DA:2,1
DA:3,1
DA:4,1
DA:5,1
DA:6,1
DA:7,1
DA:8,1
DA:9,1
DA:10,1
DA:11,1
DA:12,1
DA:13,1
DA:14,2
DA:15,2
DA:16,3
DA:17,3
DA:18,3
DA:19,2
DA:20,2
DA:21,4
DA:22,4
DA:23,4
DA:24,1
DA:25,1
DA:26,3
DA:27,3
DA:28,4
DA:29,4
DA:30,4
DA:31,4
DA:32,4
DA:33,4
DA:34,4
DA:35,4
DA:36,4
DA:37,2
DA:38,1
DA:39,1
LF:39
LH:39
BRDA:39,0,0,2
BRDA:39,1,0,2
BRDA:39,2,0,0
BRDA:39,3,0,0
BRDA:39,4,0,0
BRDA:39,5,0,0
BRDA:39,6,0,2
BRDA:39,7,0,2
BRDA:39,8,0,2
BRDA:39,9,0,4
BRDA:39,10,0,10
BRDA:39,11,0,0
BRDA:39,12,0,4
BRDA:39,13,0,10
BRDA:39,14,0,9
BRDA:39,15,0,1
BRDA:39,16,0,13
BRDA:39,17,0,3
BRDA:39,18,0,10
BRDA:39,19,0,4
BRDA:39,20,0,10
BRDA:39,21,0,0
BRDA:39,22,0,12
BRDA:39,23,0,14
BRDA:39,24,0,14
BRDA:39,25,0,0
BRDA:39,26,0,28
BRDA:39,27,0,0
BRDA:39,28,0,0
BRDA:39,29,0,0
BRDA:39,30,0,0
BRDA:39,31,0,14
BRDA:39,32,0,14
BRDA:39,33,0,10
BRDA:39,34,0,0
BRDA:39,35,0,0
BRDA:39,36,0,4
BRDA:39,37,0,0
BRDA:39,38,0,3
BRDA:39,39,0,0
BRDA:39,40,0,0
BRDA:39,41,0,0
BRDA:39,42,0,0
BRDA:39,43,0,24
BRDA:39,44,0,14
BRDA:39,45,0,13
BRDA:39,46,0,1
BRDA:39,47,0,14
BRDA:39,48,0,4
BRDA:39,49,0,1
BRDA:39,50,0,3
BRDA:39,51,0,0
BRDA:39,52,0,2
BRDA:39,53,0,0
BRDA:14,54,0,2
BRDA:15,55,0,3
BRDA:20,56,0,4
BRDA:39,57,0,4
BRDA:39,58,0,14
BRDA:21,59,0,4
BRDA:39,60,0,4
BRDA:23,61,0,1
BRDA:25,62,0,3
BRDA:39,63,0,3
BRDA:39,64,0,3
BRF:65
BRH:45
end_of_record
TN:
SF:src\modules\users\services\UpdateUserAvatarService.ts
FN:1,(empty-report)
FNF:1
FNH:0
FNDA:0,(empty-report)
DA:1,0
DA:2,0
DA:3,0
DA:4,0
DA:5,0
DA:6,0
DA:7,0
DA:8,0
DA:9,0
DA:10,0
DA:11,0
DA:12,0
DA:13,0
DA:14,0
DA:15,0
DA:16,0
DA:17,0
DA:18,0
DA:19,0
DA:20,0
DA:21,0
DA:22,0
DA:23,0
DA:24,0
DA:25,0
DA:26,0
DA:27,0
DA:28,0
DA:29,0
DA:30,0
DA:31,0
DA:32,0
DA:33,0
DA:34,0
DA:35,0
DA:36,0
DA:37,0
DA:38,0
DA:39,0
DA:40,0
DA:41,0
DA:42,0
DA:43,0
DA:44,0
DA:45,0
DA:46,0
LF:46
LH:0
BRDA:1,0,0,0
BRF:1
BRH:0
end_of_record
